TowerDefense/Intermediate/Android/arm64/gradle/app/build/intermediates/manifest_merge_blame_file/debug/manifest-merger-blame-debug-report.txt
1<?xml version="1.0" encoding="utf-8"?>
2<manifest xmlns:android="http://schemas.android.com/apk/res/android"
3    package="com.YourCompany.TowerDefense"
4    android:installLocation="internalOnly"
5    android:versionCode="1"
6    android:versionName="1.0" >
7
8    <uses-sdk
9        android:minSdkVersion="33"
9-->src\main\AndroidManifest.xml
10        android:targetSdkVersion="33" />
10-->src\main\AndroidManifest.xml
11
12    <queries>
12-->src\main\AndroidManifest.xml:2:3-13:13
13        <intent>
13-->src\main\AndroidManifest.xml:3:5-7:14
14            <action android:name="android.intent.action.VIEW" />
14-->src\main\AndroidManifest.xml:4:7-59
14-->src\main\AndroidManifest.xml:4:15-56
15
16            <category android:name="android.intent.category.BROWSABLE" />
16-->src\main\AndroidManifest.xml:5:7-68
16-->src\main\AndroidManifest.xml:5:17-65
17
18            <data android:scheme="http" />
18-->src\main\AndroidManifest.xml:6:7-37
18-->src\main\AndroidManifest.xml:6:13-34
19        </intent>
20        <intent>
20-->src\main\AndroidManifest.xml:8:5-12:14
21            <action android:name="android.intent.action.VIEW" />
21-->src\main\AndroidManifest.xml:4:7-59
21-->src\main\AndroidManifest.xml:4:15-56
22
23            <category android:name="android.intent.category.BROWSABLE" />
23-->src\main\AndroidManifest.xml:5:7-68
23-->src\main\AndroidManifest.xml:5:17-65
24
25            <data android:scheme="https" />
25-->src\main\AndroidManifest.xml:6:7-37
25-->src\main\AndroidManifest.xml:6:13-34
26        </intent>
27
28        <package android:name="com.google.android.gms" />
28-->[com.google.android.gms:play-services-games-v2:19.0.0] AndroidManifest.xml:8:9-58
28-->[com.google.android.gms:play-services-games-v2:19.0.0] AndroidManifest.xml:8:18-55
29        <package android:name="com.android.vending" />
29-->[com.google.android.gms:play-services-games-v2:19.0.0] AndroidManifest.xml:9:9-55
29-->[com.google.android.gms:play-services-games-v2:19.0.0] AndroidManifest.xml:9:18-52
30        <package android:name="com.google.ar.core" />
30-->[com.google.ar:core:1.37.0] AndroidManifest.xml:21:9-54
30-->[com.google.ar:core:1.37.0] AndroidManifest.xml:21:18-51
31    </queries>
32    <!-- Requirements -->
33    <uses-feature
33-->src\main\AndroidManifest.xml:84:3-76
34        android:glEsVersion="0x00030002"
34-->src\main\AndroidManifest.xml:84:17-49
35        android:required="true" />
35-->src\main\AndroidManifest.xml:84:50-73
36
37    <uses-permission android:name="android.permission.INTERNET" />
37-->src\main\AndroidManifest.xml:85:3-65
37-->src\main\AndroidManifest.xml:85:20-62
38    <uses-permission android:name="android.permission.WRITE_EXTERNAL_STORAGE" />
38-->src\main\AndroidManifest.xml:86:3-79
38-->src\main\AndroidManifest.xml:86:20-76
39    <uses-permission android:name="android.permission.ACCESS_NETWORK_STATE" />
39-->src\main\AndroidManifest.xml:87:3-77
39-->src\main\AndroidManifest.xml:87:20-74
40    <uses-permission android:name="android.permission.WAKE_LOCK" />
40-->src\main\AndroidManifest.xml:88:3-66
40-->src\main\AndroidManifest.xml:88:20-63
41    <uses-permission android:name="com.android.vending.CHECK_LICENSE" />
41-->src\main\AndroidManifest.xml:89:3-71
41-->src\main\AndroidManifest.xml:89:20-68
42    <uses-permission android:name="android.permission.ACCESS_WIFI_STATE" />
42-->src\main\AndroidManifest.xml:90:3-74
42-->src\main\AndroidManifest.xml:90:20-71
43    <uses-permission android:name="android.permission.MODIFY_AUDIO_SETTINGS" />
43-->src\main\AndroidManifest.xml:91:3-78
43-->src\main\AndroidManifest.xml:91:20-75
44    <uses-permission android:name="android.permission.VIBRATE" />
44-->src\main\AndroidManifest.xml:92:3-64
44-->src\main\AndroidManifest.xml:92:20-61
45    <uses-permission android:name="com.android.vending.BILLING" />
45-->src\main\AndroidManifest.xml:93:3-65
45-->src\main\AndroidManifest.xml:93:20-62
46    <!-- Supported texture compression formats (cooked) -->
47    <supports-gl-texture android:name="GL_KHR_texture_compression_astc_ldr" />
47-->src\main\AndroidManifest.xml:95:3-77
47-->src\main\AndroidManifest.xml:95:24-74
48
49    <uses-permission
49-->src\main\AndroidManifest.xml:96:3-75
50        android:name="android.permission.CAMERA"
50-->src\main\AndroidManifest.xml:96:20-60
51        __line="19" />
51-->src\main\AndroidManifest.xml:96:61-72
52
53    <uses-feature
53-->src\main\AndroidManifest.xml:97:3-97
54        android:name="android.hardware.camera.ar"
54-->src\main\AndroidManifest.xml:97:17-58
55        __line="22"
55-->src\main\AndroidManifest.xml:97:83-94
56        android:required="true" />
56-->src\main\AndroidManifest.xml:97:59-82
57
58    <uses-permission
58-->src\main\AndroidManifest.xml:98:3-87
59        android:name="android.permission.FOREGROUND_SERVICE"
59-->src\main\AndroidManifest.xml:98:20-72
60        __line="66" />
60-->src\main\AndroidManifest.xml:98:73-84
61    <uses-permission
61-->src\main\AndroidManifest.xml:99:3-97
62        android:name="android.permission.FOREGROUND_SERVICE_DATA_SYNC"
62-->src\main\AndroidManifest.xml:99:20-82
63        __line="67" />
63-->src\main\AndroidManifest.xml:99:83-94
64    <uses-permission
64-->src\main\AndroidManifest.xml:100:3-87
65        android:name="android.permission.POST_NOTIFICATIONS"
65-->src\main\AndroidManifest.xml:100:20-72
66        __line="68" />
66-->src\main\AndroidManifest.xml:100:73-84
67    <!-- Application Definition -->
68    <application
68-->src\main\AndroidManifest.xml:15:3-82:17
69        android:name="com.epicgames.unreal.GameApplication"
69-->src\main\AndroidManifest.xml:15:147-198
70        android:appComponentFactory="androidx.core.app.CoreComponentFactory"
70-->[androidx.core:core:1.3.0] AndroidManifest.xml:24:18-86
71        android:debuggable="true"
72        android:extractNativeLibs="true"
72-->src\main\AndroidManifest.xml:15:114-146
73        android:hardwareAccelerated="true"
73-->src\main\AndroidManifest.xml:15:79-113
74        android:hasCode="true"
74-->src\main\AndroidManifest.xml:15:243-265
75        android:icon="@drawable/icon"
75-->src\main\AndroidManifest.xml:15:49-78
76        android:label="@string/app_name"
76-->src\main\AndroidManifest.xml:15:16-48
77        android:requestLegacyExternalStorage="true" >
77-->src\main\AndroidManifest.xml:15:199-242
78        <activity
78-->src\main\AndroidManifest.xml:16:5-22:16
79            android:name="com.epicgames.unreal.GameActivity"
79-->src\main\AndroidManifest.xml:16:15-63
80            android:configChanges="mcc|mnc|uiMode|density|screenSize|smallestScreenSize|screenLayout|orientation|keyboardHidden|keyboard|navigation|touchscreen|locale|fontScale|layoutDirection"
80-->src\main\AndroidManifest.xml:16:186-367
81            android:debuggable="true"
81-->src\main\AndroidManifest.xml:16:479-504
82            android:exported="true"
82-->src\main\AndroidManifest.xml:16:64-87
83            android:label="@string/app_name"
83-->src\main\AndroidManifest.xml:16:88-120
84            android:launchMode="singleTask"
84-->src\main\AndroidManifest.xml:16:403-434
85            android:resizeableActivity="false"
85-->src\main\AndroidManifest.xml:16:368-402
86            android:screenOrientation="sensorLandscape"
86-->src\main\AndroidManifest.xml:16:435-478
87            android:theme="@android:style/Theme.Black.NoTitleBar.Fullscreen" >
87-->src\main\AndroidManifest.xml:16:121-185
88            <meta-data
88-->src\main\AndroidManifest.xml:17:7-79
89                android:name="android.app.lib_name"
89-->src\main\AndroidManifest.xml:17:18-53
90                android:value="Unreal" />
90-->src\main\AndroidManifest.xml:17:54-76
91
92            <intent-filter>
92-->src\main\AndroidManifest.xml:18:7-21:23
93                <action android:name="android.intent.action.MAIN" />
93-->src\main\AndroidManifest.xml:19:9-61
93-->src\main\AndroidManifest.xml:19:17-58
94
95                <category android:name="android.intent.category.LAUNCHER" />
95-->src\main\AndroidManifest.xml:20:9-69
95-->src\main\AndroidManifest.xml:20:19-66
96            </intent-filter>
97        </activity>
98        <activity android:name="com.YourCompany.TowerDefense.DownloaderActivity" />
98-->src\main\AndroidManifest.xml:23:5-52
98-->src\main\AndroidManifest.xml:23:15-49
99
100        <meta-data
100-->src\main\AndroidManifest.xml:24:5-103
101            android:name="com.epicgames.unreal.GameActivity.EngineVersion"
101-->src\main\AndroidManifest.xml:24:16-78
102            android:value="5.4.4" />
102-->src\main\AndroidManifest.xml:24:79-100
103        <meta-data
103-->src\main\AndroidManifest.xml:25:5-114
104            android:name="com.epicgames.unreal.GameActivity.EngineBranch"
104-->src\main\AndroidManifest.xml:25:16-77
105            android:value="++UE5+Release-5.4" />
105-->src\main\AndroidManifest.xml:25:78-111
106        <meta-data
106-->src\main\AndroidManifest.xml:26:5-106
107            android:name="com.epicgames.unreal.GameActivity.ProjectVersion"
107-->src\main\AndroidManifest.xml:26:16-79
108            android:value="1.0.0.0" />
108-->src\main\AndroidManifest.xml:26:80-103
109        <meta-data
109-->src\main\AndroidManifest.xml:27:5-107
110            android:name="com.epicgames.unreal.GameActivity.DepthBufferPreference"
110-->src\main\AndroidManifest.xml:27:16-86
111            android:value="0" />
111-->src\main\AndroidManifest.xml:27:87-104
112        <meta-data
112-->src\main\AndroidManifest.xml:28:5-111
113            android:name="com.epicgames.unreal.GameActivity.bPackageDataInsideApk"
113-->src\main\AndroidManifest.xml:28:16-86
114            android:value="false" />
114-->src\main\AndroidManifest.xml:28:87-108
115        <meta-data
115-->src\main\AndroidManifest.xml:29:5-109
116            android:name="com.epicgames.unreal.GameActivity.bVerifyOBBOnStartUp"
116-->src\main\AndroidManifest.xml:29:16-84
117            android:value="false" />
117-->src\main\AndroidManifest.xml:29:85-106
118        <meta-data
118-->src\main\AndroidManifest.xml:30:5-102
119            android:name="com.epicgames.unreal.GameActivity.bShouldHideUI"
119-->src\main\AndroidManifest.xml:30:16-78
120            android:value="true" />
120-->src\main\AndroidManifest.xml:30:79-99
121        <meta-data
121-->src\main\AndroidManifest.xml:31:5-108
122            android:name="com.epicgames.unreal.GameActivity.ProjectName"
122-->src\main\AndroidManifest.xml:31:16-76
123            android:value="TowerDefense" />
123-->src\main\AndroidManifest.xml:31:77-105
124        <meta-data
124-->src\main\AndroidManifest.xml:32:5-92
125            android:name="com.epicgames.unreal.GameActivity.AppType"
125-->src\main\AndroidManifest.xml:32:16-72
126            android:value="" />
126-->src\main\AndroidManifest.xml:32:73-89
127        <meta-data
127-->src\main\AndroidManifest.xml:33:5-102
128            android:name="com.epicgames.unreal.GameActivity.bHasOBBFiles"
128-->src\main\AndroidManifest.xml:33:16-77
129            android:value="false" />
129-->src\main\AndroidManifest.xml:33:78-99
130        <meta-data
130-->src\main\AndroidManifest.xml:34:5-114
131            android:name="com.epicgames.unreal.GameActivity.BuildConfiguration"
131-->src\main\AndroidManifest.xml:34:16-83
132            android:value="Development" />
132-->src\main\AndroidManifest.xml:34:84-111
133        <meta-data
133-->src\main\AndroidManifest.xml:35:5-102
134            android:name="com.epicgames.unreal.GameActivity.CookedFlavors"
134-->src\main\AndroidManifest.xml:35:16-78
135            android:value="ASTC" />
135-->src\main\AndroidManifest.xml:35:79-99
136        <meta-data
136-->src\main\AndroidManifest.xml:36:5-112
137            android:name="com.epicgames.unreal.GameActivity.bValidateTextureFormats"
137-->src\main\AndroidManifest.xml:36:16-88
138            android:value="true" />
138-->src\main\AndroidManifest.xml:36:89-109
139        <meta-data
139-->src\main\AndroidManifest.xml:37:5-109
140            android:name="com.epicgames.unreal.GameActivity.bUseExternalFilesDir"
140-->src\main\AndroidManifest.xml:37:16-85
141            android:value="true" />
141-->src\main\AndroidManifest.xml:37:86-106
142        <meta-data
142-->src\main\AndroidManifest.xml:38:5-105
143            android:name="com.epicgames.unreal.GameActivity.bPublicLogFiles"
143-->src\main\AndroidManifest.xml:38:16-80
144            android:value="false" />
144-->src\main\AndroidManifest.xml:38:81-102
145        <meta-data
145-->src\main\AndroidManifest.xml:39:5-107
146            android:name="com.epicgames.unreal.GameActivity.bUseDisplayCutout"
146-->src\main\AndroidManifest.xml:39:16-82
147            android:value="false" />
147-->src\main\AndroidManifest.xml:39:83-104
148        <meta-data
148-->src\main\AndroidManifest.xml:40:5-99
149            android:name="com.epicgames.unreal.GameActivity.bAllowIMU"
149-->src\main\AndroidManifest.xml:40:16-74
150            android:value="false" />
150-->src\main\AndroidManifest.xml:40:75-96
151        <meta-data
151-->src\main\AndroidManifest.xml:41:5-105
152            android:name="com.epicgames.unreal.GameActivity.bSupportsVulkan"
152-->src\main\AndroidManifest.xml:41:16-80
153            android:value="false" />
153-->src\main\AndroidManifest.xml:41:81-102
154        <meta-data
154-->src\main\AndroidManifest.xml:42:5-100
155            android:name="com.epicgames.unreal.GameActivity.PropagateAlpha"
155-->src\main\AndroidManifest.xml:42:16-79
156            android:value="0" />
156-->src\main\AndroidManifest.xml:42:80-97
157        <meta-data
157-->src\main\AndroidManifest.xml:43:5-144
158            android:name="com.epicgames.unreal.GameActivity.StartupPermissions"
158-->src\main\AndroidManifest.xml:43:16-83
159            android:value="android.permission.WRITE_EXTERNAL_STORAGE" />
159-->src\main\AndroidManifest.xml:43:84-141
160        <meta-data
160-->src\main\AndroidManifest.xml:44:5-85
161            android:name="android.supports_size_changes"
161-->src\main\AndroidManifest.xml:44:16-60
162            android:value="false" />
162-->src\main\AndroidManifest.xml:44:61-82
163        <meta-data
163-->src\main\AndroidManifest.xml:45:5-100
164            android:name="com.google.android.gms.games.APP_ID"
164-->src\main\AndroidManifest.xml:45:16-66
165            android:value="@string/app_id" />
165-->src\main\AndroidManifest.xml:45:67-97
166        <meta-data
166-->src\main\AndroidManifest.xml:46:5-118
167            android:name="com.google.android.gms.version"
167-->src\main\AndroidManifest.xml:46:16-61
168            android:value="@integer/google_play_services_version" />
168-->src\main\AndroidManifest.xml:46:62-115
169
170        <activity
170-->src\main\AndroidManifest.xml:47:5-180
171            android:name="com.google.android.gms.ads.AdActivity"
171-->src\main\AndroidManifest.xml:47:15-67
172            android:configChanges="keyboard|keyboardHidden|orientation|screenLayout|uiMode|screenSize|smallestScreenSize" />
172-->src\main\AndroidManifest.xml:47:68-177
173
174        <service
174-->src\main\AndroidManifest.xml:48:5-119
175            android:name="com.epicgames.unreal.psoservices.OGLProgramService"
175-->src\main\AndroidManifest.xml:48:14-79
176            android:process=":psoprogramservice" />
176-->src\main\AndroidManifest.xml:48:80-116
177        <service
177-->src\main\AndroidManifest.xml:49:5-121
178            android:name="com.epicgames.unreal.psoservices.OGLProgramService1"
178-->src\main\AndroidManifest.xml:49:14-80
179            android:process=":psoprogramservice1" />
179-->src\main\AndroidManifest.xml:49:81-118
180        <service
180-->src\main\AndroidManifest.xml:50:5-121
181            android:name="com.epicgames.unreal.psoservices.OGLProgramService2"
181-->src\main\AndroidManifest.xml:50:14-80
182            android:process=":psoprogramservice2" />
182-->src\main\AndroidManifest.xml:50:81-118
183        <service
183-->src\main\AndroidManifest.xml:51:5-121
184            android:name="com.epicgames.unreal.psoservices.OGLProgramService3"
184-->src\main\AndroidManifest.xml:51:14-80
185            android:process=":psoprogramservice3" />
185-->src\main\AndroidManifest.xml:51:81-118
186        <service
186-->src\main\AndroidManifest.xml:52:5-121
187            android:name="com.epicgames.unreal.psoservices.OGLProgramService4"
187-->src\main\AndroidManifest.xml:52:14-80
188            android:process=":psoprogramservice4" />
188-->src\main\AndroidManifest.xml:52:81-118
189        <service
189-->src\main\AndroidManifest.xml:53:5-121
190            android:name="com.epicgames.unreal.psoservices.OGLProgramService5"
190-->src\main\AndroidManifest.xml:53:14-80
191            android:process=":psoprogramservice5" />
191-->src\main\AndroidManifest.xml:53:81-118
192        <service
192-->src\main\AndroidManifest.xml:54:5-121
193            android:name="com.epicgames.unreal.psoservices.OGLProgramService6"
193-->src\main\AndroidManifest.xml:54:14-80
194            android:process=":psoprogramservice6" />
194-->src\main\AndroidManifest.xml:54:81-118
195        <service
195-->src\main\AndroidManifest.xml:55:5-121
196            android:name="com.epicgames.unreal.psoservices.OGLProgramService7"
196-->src\main\AndroidManifest.xml:55:14-80
197            android:process=":psoprogramservice7" />
197-->src\main\AndroidManifest.xml:55:81-118
198        <service
198-->src\main\AndroidManifest.xml:56:5-122
199            android:name="com.epicgames.unreal.psoservices.VulkanProgramService"
199-->src\main\AndroidManifest.xml:56:14-82
200            android:process=":psoprogramservice" />
200-->src\main\AndroidManifest.xml:56:83-119
201        <service
201-->src\main\AndroidManifest.xml:57:5-124
202            android:name="com.epicgames.unreal.psoservices.VulkanProgramService1"
202-->src\main\AndroidManifest.xml:57:14-83
203            android:process=":psoprogramservice1" />
203-->src\main\AndroidManifest.xml:57:84-121
204        <service
204-->src\main\AndroidManifest.xml:58:5-124
205            android:name="com.epicgames.unreal.psoservices.VulkanProgramService2"
205-->src\main\AndroidManifest.xml:58:14-83
206            android:process=":psoprogramservice2" />
206-->src\main\AndroidManifest.xml:58:84-121
207        <service
207-->src\main\AndroidManifest.xml:59:5-124
208            android:name="com.epicgames.unreal.psoservices.VulkanProgramService3"
208-->src\main\AndroidManifest.xml:59:14-83
209            android:process=":psoprogramservice3" />
209-->src\main\AndroidManifest.xml:59:84-121
210        <service
210-->src\main\AndroidManifest.xml:60:5-124
211            android:name="com.epicgames.unreal.psoservices.VulkanProgramService4"
211-->src\main\AndroidManifest.xml:60:14-83
212            android:process=":psoprogramservice4" />
212-->src\main\AndroidManifest.xml:60:84-121
213        <service
213-->src\main\AndroidManifest.xml:61:5-124
214            android:name="com.epicgames.unreal.psoservices.VulkanProgramService5"
214-->src\main\AndroidManifest.xml:61:14-83
215            android:process=":psoprogramservice5" />
215-->src\main\AndroidManifest.xml:61:84-121
216        <service
216-->src\main\AndroidManifest.xml:62:5-124
217            android:name="com.epicgames.unreal.psoservices.VulkanProgramService6"
217-->src\main\AndroidManifest.xml:62:14-83
218            android:process=":psoprogramservice6" />
218-->src\main\AndroidManifest.xml:62:84-121
219        <service
219-->src\main\AndroidManifest.xml:63:5-124
220            android:name="com.epicgames.unreal.psoservices.VulkanProgramService7"
220-->src\main\AndroidManifest.xml:63:14-83
221            android:process=":psoprogramservice7" />
221-->src\main\AndroidManifest.xml:63:84-121
222        <service android:name="com.YourCompany.TowerDefense.OBBDownloaderService" />
222-->src\main\AndroidManifest.xml:64:5-52
222-->src\main\AndroidManifest.xml:64:14-49
223
224        <receiver
224-->src\main\AndroidManifest.xml:65:5-71
225            android:name="com.YourCompany.TowerDefense.AlarmReceiver"
225-->src\main\AndroidManifest.xml:65:15-43
226            android:exported="false" />
226-->src\main\AndroidManifest.xml:65:44-68
227        <receiver
227-->src\main\AndroidManifest.xml:66:5-104
228            android:name="com.epicgames.unreal.LocalNotificationReceiver"
228-->src\main\AndroidManifest.xml:66:15-76
229            android:exported="false" />
229-->src\main\AndroidManifest.xml:66:77-101
230        <receiver
230-->src\main\AndroidManifest.xml:67:5-95
231            android:name="com.epicgames.unreal.CellularReceiver"
231-->src\main\AndroidManifest.xml:67:15-67
232            android:exported="false" />
232-->src\main\AndroidManifest.xml:67:68-92
233        <receiver
233-->src\main\AndroidManifest.xml:68:5-72:16
234            android:name="com.epicgames.unreal.MulticastBroadcastReceiver"
234-->src\main\AndroidManifest.xml:68:15-77
235            android:exported="true" >
235-->src\main\AndroidManifest.xml:68:78-101
236            <intent-filter>
236-->src\main\AndroidManifest.xml:69:7-71:23
237                <action android:name="com.android.vending.INSTALL_REFERRER" />
237-->src\main\AndroidManifest.xml:70:9-71
237-->src\main\AndroidManifest.xml:70:17-68
238            </intent-filter>
239        </receiver>
240
241        <meta-data
241-->src\main\AndroidManifest.xml:73:5-73
242            android:name="android.max_aspect"
242-->src\main\AndroidManifest.xml:73:16-49
243            android:value="2.10" />
243-->src\main\AndroidManifest.xml:73:50-70
244        <meta-data
244-->src\main\AndroidManifest.xml:74:5-89
245            android:name="com.google.ar.core"
245-->src\main\AndroidManifest.xml:74:16-49
246            __line="24"
246-->src\main\AndroidManifest.xml:74:75-86
247            android:value="required" />
247-->src\main\AndroidManifest.xml:74:50-74
248
249        <service
249-->src\main\AndroidManifest.xml:75:5-154
250            android:name="com.epicgames.unreal.RemoteFileManagerService"
250-->src\main\AndroidManifest.xml:75:14-74
251            __line="71"
251-->src\main\AndroidManifest.xml:75:140-151
252            android:exported="true"
252-->src\main\AndroidManifest.xml:75:116-139
253            android:foregroundServiceType="dataSync" />
253-->src\main\AndroidManifest.xml:75:75-115
254
255        <activity
255-->src\main\AndroidManifest.xml:76:5-80:16
256            android:name="com.epicgames.unreal.RemoteFileManagerActivity"
256-->src\main\AndroidManifest.xml:76:15-76
257            __line="72"
257-->src\main\AndroidManifest.xml:76:183-194
258            android:exported="true"
258-->src\main\AndroidManifest.xml:76:77-100
259            android:screenOrientation="sensor"
259-->src\main\AndroidManifest.xml:76:101-135
260            android:theme="@android:style/Theme.NoDisplay" >
260-->src\main\AndroidManifest.xml:76:136-182
261            <intent-filter __line="73" >
261-->src\main\AndroidManifest.xml:77:7-79:23
261-->src\main\AndroidManifest.xml:77:22-33
262                <action
262-->src\main\AndroidManifest.xml:78:9-101
263                    android:name="com.epicgames.unreal.RemoteFileManager.intent.COMMAND2"
263-->src\main\AndroidManifest.xml:78:17-86
264                    __line="74" />
264-->src\main\AndroidManifest.xml:78:87-98
265            </intent-filter>
266        </activity>
267
268        <meta-data
268-->src\main\AndroidManifest.xml:81:5-129
269            android:name="com.epicgames.unreal.RemoteFileManager.bAllowNetworkConnection"
269-->src\main\AndroidManifest.xml:81:16-93
270            __line="85"
270-->src\main\AndroidManifest.xml:81:115-126
271            android:value="true" />
271-->src\main\AndroidManifest.xml:81:94-114
272
273        <activity
273-->[com.google.android.gms:play-services-auth:20.7.0] AndroidManifest.xml:23:9-27:75
274            android:name="com.google.android.gms.auth.api.signin.internal.SignInHubActivity"
274-->[com.google.android.gms:play-services-auth:20.7.0] AndroidManifest.xml:24:13-93
275            android:excludeFromRecents="true"
275-->[com.google.android.gms:play-services-auth:20.7.0] AndroidManifest.xml:25:13-46
276            android:exported="false"
276-->[com.google.android.gms:play-services-auth:20.7.0] AndroidManifest.xml:26:13-37
277            android:theme="@android:style/Theme.Translucent.NoTitleBar" />
277-->[com.google.android.gms:play-services-auth:20.7.0] AndroidManifest.xml:27:13-72
278        <!--
279            Service handling Google Sign-In user revocation. For apps that do not integrate with
280            Google Sign-In, this service will never be started.
281        -->
282        <service
282-->[com.google.android.gms:play-services-auth:20.7.0] AndroidManifest.xml:33:9-37:51
283            android:name="com.google.android.gms.auth.api.signin.RevocationBoundService"
283-->[com.google.android.gms:play-services-auth:20.7.0] AndroidManifest.xml:34:13-89
284            android:exported="true"
284-->[com.google.android.gms:play-services-auth:20.7.0] AndroidManifest.xml:35:13-36
285            android:permission="com.google.android.gms.auth.api.signin.permission.REVOCATION_NOTIFICATION"
285-->[com.google.android.gms:play-services-auth:20.7.0] AndroidManifest.xml:36:13-107
286            android:visibleToInstantApps="true" />
286-->[com.google.android.gms:play-services-auth:20.7.0] AndroidManifest.xml:37:13-48
287
288        <provider
288-->[com.google.android.gms:play-services-games-v2:19.0.0] AndroidManifest.xml:13:9-17:38
289            android:name="com.google.android.gms.games.provider.PlayGamesInitProvider"
289-->[com.google.android.gms:play-services-games-v2:19.0.0] AndroidManifest.xml:14:13-87
290            android:authorities="com.YourCompany.TowerDefense.playgamesinitprovider"
290-->[com.google.android.gms:play-services-games-v2:19.0.0] AndroidManifest.xml:15:13-73
291            android:exported="false"
291-->[com.google.android.gms:play-services-games-v2:19.0.0] AndroidManifest.xml:16:13-37
292            android:initOrder="99" />
292-->[com.google.android.gms:play-services-games-v2:19.0.0] AndroidManifest.xml:17:13-35
293
294        <activity
294-->[com.google.android.gms:play-services-games-v2:19.0.0] AndroidManifest.xml:19:9-22:62
295            android:name="com.google.android.gms.games.internal.v2.resolution.GamesResolutionActivity"
295-->[com.google.android.gms:play-services-games-v2:19.0.0] AndroidManifest.xml:20:13-103
296            android:exported="false"
296-->[com.google.android.gms:play-services-games-v2:19.0.0] AndroidManifest.xml:21:13-37
297            android:theme="@style/Theme.Games.Transparent" />
297-->[com.google.android.gms:play-services-games-v2:19.0.0] AndroidManifest.xml:22:13-59
298
299        <meta-data
299-->[com.google.android.gms:play-services-games-v2:19.0.0] AndroidManifest.xml:24:9-26:62
300            android:name="com.google.android.gms.games.version"
300-->[com.google.android.gms:play-services-games-v2:19.0.0] AndroidManifest.xml:25:13-64
301            android:value="@string/play_games_sdk_version" /> <!-- The minimal version code of ARCore APK required for an app using this SDK. -->
301-->[com.google.android.gms:play-services-games-v2:19.0.0] AndroidManifest.xml:26:13-59
302        <meta-data
302-->[com.google.ar:core:1.37.0] AndroidManifest.xml:27:9-29:41
303            android:name="com.google.ar.core.min_apk_version"
303-->[com.google.ar:core:1.37.0] AndroidManifest.xml:28:13-62
304            android:value="230900000" /> <!-- This activity is critical for installing ARCore when it is not already present. -->
304-->[com.google.ar:core:1.37.0] AndroidManifest.xml:29:13-38
305        <activity
305-->[com.google.ar:core:1.37.0] AndroidManifest.xml:31:9-37:80
306            android:name="com.google.ar.core.InstallActivity"
306-->[com.google.ar:core:1.37.0] AndroidManifest.xml:32:13-62
307            android:configChanges="keyboardHidden|orientation|screenSize"
307-->[com.google.ar:core:1.37.0] AndroidManifest.xml:33:13-74
308            android:excludeFromRecents="true"
308-->[com.google.ar:core:1.37.0] AndroidManifest.xml:34:13-46
309            android:exported="false"
309-->[com.google.ar:core:1.37.0] AndroidManifest.xml:35:13-37
310            android:launchMode="singleTop"
310-->[com.google.ar:core:1.37.0] AndroidManifest.xml:36:13-43
311            android:theme="@android:style/Theme.Material.Light.Dialog.Alert" />
311-->[com.google.ar:core:1.37.0] AndroidManifest.xml:37:13-77
312        <activity
312-->[com.google.android.gms:play-services-base:18.0.1] AndroidManifest.xml:20:9-22:45
313            android:name="com.google.android.gms.common.api.GoogleApiActivity"
313-->[com.google.android.gms:play-services-base:18.0.1] AndroidManifest.xml:20:19-85
314            android:exported="false"
314-->[com.google.android.gms:play-services-base:18.0.1] AndroidManifest.xml:22:19-43
315            android:theme="@android:style/Theme.Translucent.NoTitleBar" />
315-->[com.google.android.gms:play-services-base:18.0.1] AndroidManifest.xml:21:19-78
316
317        <provider
317-->[androidx.lifecycle:lifecycle-process:2.2.0] AndroidManifest.xml:25:9-29:43
318            android:name="androidx.lifecycle.ProcessLifecycleOwnerInitializer"
318-->[androidx.lifecycle:lifecycle-process:2.2.0] AndroidManifest.xml:26:13-79
319            android:authorities="com.YourCompany.TowerDefense.lifecycle-process"
319-->[androidx.lifecycle:lifecycle-process:2.2.0] AndroidManifest.xml:27:13-69
320            android:exported="false"
320-->[androidx.lifecycle:lifecycle-process:2.2.0] AndroidManifest.xml:28:13-37
321            android:multiprocess="true" />
321-->[androidx.lifecycle:lifecycle-process:2.2.0] AndroidManifest.xml:29:13-40
322    </application>
323
324</manifest>